INFO:     Will watch for changes in these directories: ['/Users/JeremyUys_1/Desktop/WAVESITE2/backend']
INFO:     Uvicorn running on http://0.0.0.0:8000 (Press CTRL+C to quit)
INFO:     Started reloader process [44603] using WatchFiles
INFO:     Started server process [44605]
INFO:     Waiting for application startup.
INFO:     Application startup complete.
INFO:     127.0.0.1:57757 - "GET /health HTTP/1.1" 200 OK
INFO:     127.0.0.1:57890 - "GET /docs HTTP/1.1" 200 OK
INFO:     127.0.0.1:58920 - "OPTIONS /api/v1/extract-metadata HTTP/1.1" 200 OK
INFO:     127.0.0.1:58920 - "POST /api/v1/extract-metadata HTTP/1.1" 404 Not Found
INFO:     127.0.0.1:58934 - "POST /api/v1/extract-metadata HTTP/1.1" 404 Not Found
WARNING:  WatchFiles detected changes in 'app/schemas/performance_trends.py'. Reloading...
INFO:     Shutting down
INFO:     Waiting for application shutdown.
INFO:     Application shutdown complete.
INFO:     Finished server process [44605]
INFO:     Started server process [54706]
INFO:     Waiting for application startup.
INFO:     Application startup complete.
WARNING:  WatchFiles detected changes in 'app/api/v1/performance_trends.py'. Reloading...
INFO:     Shutting down
INFO:     Waiting for application shutdown.
INFO:     Application shutdown complete.
INFO:     Finished server process [54706]
INFO:     Started server process [54733]
INFO:     Waiting for application startup.
INFO:     Application startup complete.
WARNING:  WatchFiles detected changes in 'app/main.py'. Reloading...
INFO:     Shutting down
INFO:     Waiting for application shutdown.
INFO:     Application shutdown complete.
INFO:     Finished server process [54733]
INFO:     Started server process [55723]
INFO:     Waiting for application startup.
INFO:     Application startup complete.
WARNING:  WatchFiles detected changes in 'app/main.py'. Reloading...
INFO:     Shutting down
INFO:     Waiting for application shutdown.
INFO:     Application shutdown complete.
INFO:     Finished server process [55723]
INFO:     Started server process [55737]
INFO:     Waiting for application startup.
INFO:     Application startup complete.
WARNING:  WatchFiles detected changes in 'app/services/quality_scorer.py'. Reloading...
INFO:     Shutting down
INFO:     Waiting for application shutdown.
INFO:     Application shutdown complete.
INFO:     Finished server process [55737]
INFO:     Started server process [55758]
INFO:     Waiting for application startup.
INFO:     Application startup complete.
WARNING:  WatchFiles detected changes in 'app/services/payment_calculator.py'. Reloading...
INFO:     Shutting down
INFO:     Waiting for application shutdown.
INFO:     Application shutdown complete.
INFO:     Finished server process [55758]
INFO:     Started server process [55771]
INFO:     Waiting for application startup.
INFO:     Application startup complete.
WARNING:  WatchFiles detected changes in 'app/api/v1/performance_trends.py'. Reloading...
INFO:     Shutting down
INFO:     Waiting for application shutdown.
INFO:     Application shutdown complete.
INFO:     Finished server process [55771]
INFO:     Started server process [55808]
INFO:     Waiting for application startup.
INFO:     Application startup complete.
WARNING:  WatchFiles detected changes in 'app/api/v1/performance_trends_simple.py'. Reloading...
INFO:     Shutting down
INFO:     Waiting for application shutdown.
INFO:     Application shutdown complete.
INFO:     Finished server process [55808]
INFO:     Started server process [55830]
INFO:     Waiting for application startup.
INFO:     Application startup complete.
WARNING:  WatchFiles detected changes in 'app/main.py'. Reloading...
INFO:     Shutting down
INFO:     Waiting for application shutdown.
INFO:     Application shutdown complete.
INFO:     Finished server process [55830]
INFO:     Started server process [55850]
INFO:     Waiting for application startup.
INFO:     Application startup complete.
WARNING:  WatchFiles detected changes in 'app/api/v1/trend_tiles.py'. Reloading...
INFO:     Shutting down
INFO:     Waiting for application shutdown.
INFO:     Application shutdown complete.
INFO:     Finished server process [55850]
INFO:     Started server process [58483]
INFO:     Waiting for application startup.
INFO:     Application startup complete.
INFO:     Shutting down
INFO:     Waiting for application shutdown.
INFO:     Application shutdown complete.
INFO:     Finished server process [58483]
INFO:     Stopping reloader process [44603]
