
> wavesight-monorepo@2.0.0 dev:web
> cd web && npm run dev


> wavesight-dashboard@2.0.0 dev
> next dev

   ▲ Next.js 14.0.3
   - Local:        http://localhost:3000
   - Environments: .env.local

 ✓ Ready in 1166ms
 ✓ Compiled /middleware in 147ms (197 modules)
 ○ Compiling / ...
 ✓ Compiled / in 1264ms (937 modules)

 ⚠ metadata.metadataBase is not set for resolving social open graph or twitter images, using "http://localhost:3000". See https://nextjs.org/docs/app/api-reference/functions/generate-metadata#metadatabase
 ⚠ The "images.domains" configuration is deprecated. Please use "images.remotePatterns" configuration instead.
 ✓ Compiled in 493ms (441 modules)
 ✓ Compiled /login in 328ms (931 modules)

 ⚠ metadata.metadataBase is not set for resolving social open graph or twitter images, using "http://localhost:3000". See https://nextjs.org/docs/app/api-reference/functions/generate-metadata#metadatabase
 ✓ Compiled /dashboard in 375ms (946 modules)

 ⚠ metadata.metadataBase is not set for resolving social open graph or twitter images, using "http://localhost:3000". See https://nextjs.org/docs/app/api-reference/functions/generate-metadata#metadatabase
 ✓ Compiled /not-found in 344ms (951 modules)

 ⚠ metadata.metadataBase is not set for resolving social open graph or twitter images, using "http://localhost:3000". See https://nextjs.org/docs/app/api-reference/functions/generate-metadata#metadatabase
 ✓ Compiled /trends in 236ms (963 modules)

 ⚠ metadata.metadataBase is not set for resolving social open graph or twitter images, using "http://localhost:3000". See https://nextjs.org/docs/app/api-reference/functions/generate-metadata#metadatabase
 ✓ Compiled in 512ms (958 modules)

 ⚠ metadata.metadataBase is not set for resolving social open graph or twitter images, using "http://localhost:3000". See https://nextjs.org/docs/app/api-reference/functions/generate-metadata#metadatabase
 ✓ Compiled /register in 493ms (1546 modules)

 ⚠ metadata.metadataBase is not set for resolving social open graph or twitter images, using "http://localhost:3000". See https://nextjs.org/docs/app/api-reference/functions/generate-metadata#metadatabase
 ✓ Compiled /not-found in 307ms (1551 modules)

 ⚠ metadata.metadataBase is not set for resolving social open graph or twitter images, using "http://localhost:3000". See https://nextjs.org/docs/app/api-reference/functions/generate-metadata#metadatabase
 ○ Compiling /scroll ...
 ✓ Compiled /scroll in 717ms (1652 modules)

 ⚠ metadata.metadataBase is not set for resolving social open graph or twitter images, using "http://localhost:3000". See https://nextjs.org/docs/app/api-reference/functions/generate-metadata#metadatabase
 ✓ Compiled in 231ms (862 modules)
 ✓ Compiled in 462ms (1695 modules)
 ✓ Compiled in 395ms (1695 modules)
 ✓ Compiled in 223ms (1695 modules)
 ✓ Compiled in 343ms (1697 modules)
 ✓ Compiled in 146ms (1697 modules)
 ✓ Compiled in 143ms (1697 modules)

 ⚠ metadata.metadataBase is not set for resolving social open graph or twitter images, using "http://localhost:3000". See https://nextjs.org/docs/app/api-reference/functions/generate-metadata#metadatabase
 ✓ Compiled in 879ms (1908 modules)

 ⚠ metadata.metadataBase is not set for resolving social open graph or twitter images, using "http://localhost:3000". See https://nextjs.org/docs/app/api-reference/functions/generate-metadata#metadatabase
<w> [webpack.cache.PackFileCacheStrategy] Serializing big strings (116kiB) impacts deserialization performance (consider using Buffer instead and decode when needed)
 ✓ Compiled in 123ms (888 modules)

 ⚠ metadata.metadataBase is not set for resolving social open graph or twitter images, using "http://localhost:3000". See https://nextjs.org/docs/app/api-reference/functions/generate-metadata#metadatabase
 ✓ Compiled in 367ms (1697 modules)
 ⨯ ./lib/ocrService.ts
Error: 
  [31mx[0m the name `result` is defined multiple times
    ,-[[36;1;4m/Users/JeremyUys_1/Desktop/WAVESITE2/web/lib/ocrService.ts[0m:29:1]
 [2m29[0m |       console.log('Image converted to base64');
 [2m30[0m |       
 [2m31[0m |       // Use simpler Tesseract API
 [2m32[0m |       const result = await Tesseract.recognize(
    : [31;1m            ^^^|^^[0m
    :                [31;1m`-- [31;1mprevious definition of `result` here[0m[0m
 [2m33[0m |         base64,
 [2m34[0m |         'eng',
 [2m35[0m |         {
 [2m36[0m |           logger: m => console.log('OCR Progress:', m)
 [2m37[0m |         }
 [2m38[0m |       );
 [2m39[0m |       
 [2m40[0m |       const text = result.data.text;
 [2m41[0m |       console.log('OCR completed, text length:', text.length);
 [2m42[0m |       
 [2m43[0m |       // Parse the extracted text to find relevant information
 [2m44[0m |       const result: OCRResult = {};
    : [33;1m            ^^^|^^[0m
    :                [33;1m`-- [33;1m`result` redefined here[0m[0m
 [2m45[0m |       
 [2m46[0m |       // Split text into lines for easier parsing
 [2m47[0m |       const lines = text.split('\n').map(line => line.trim()).filter(line => line.length > 0);
    `----

Import trace for requested module:
./lib/ocrService.ts
./components/TrendScreenshotUpload.tsx
./app/(authenticated)/scroll/page.tsx
 ✓ Compiled in 211ms (1695 modules)
 ✓ Compiled in 158ms (1695 modules)
 ✓ Compiled in 149ms (1695 modules)
 ⚠ Found a change in next.config.js. Restarting the server to apply the changes...
   ▲ Next.js 14.0.3
   - Local:        http://localhost:3000
   - Environments: .env.local

 ✓ Ready in 1171ms
 ✓ Compiled /middleware in 407ms (197 modules)
 ○ Compiling /scroll ...
 ✓ Compiled /scroll in 2.9s (1674 modules)

 ⚠ metadata.metadataBase is not set for resolving social open graph or twitter images, using "http://localhost:3000". See https://nextjs.org/docs/app/api-reference/functions/generate-metadata#metadatabase
 ✓ Compiled in 426ms (809 modules)
<w> [webpack.cache.PackFileCacheStrategy] Serializing big strings (116kiB) impacts deserialization performance (consider using Buffer instead and decode when needed)
 ⚠ The "images.domains" configuration is deprecated. Please use "images.remotePatterns" configuration instead.
 ✓ Compiled in 336ms (809 modules)
 ✓ Compiled in 298ms (809 modules)
 ✓ Compiled in 701ms (1870 modules)

 ⚠ metadata.metadataBase is not set for resolving social open graph or twitter images, using "http://localhost:3000". See https://nextjs.org/docs/app/api-reference/functions/generate-metadata#metadatabase
 ✓ Compiled /dashboard in 176ms (1665 modules)

 ⚠ metadata.metadataBase is not set for resolving social open graph or twitter images, using "http://localhost:3000". See https://nextjs.org/docs/app/api-reference/functions/generate-metadata#metadatabase
 ✓ Compiled /submit in 474ms (1683 modules)

 ⚠ metadata.metadataBase is not set for resolving social open graph or twitter images, using "http://localhost:3000". See https://nextjs.org/docs/app/api-reference/functions/generate-metadata#metadatabase
 ✓ Compiled /timeline in 203ms (1689 modules)

 ⚠ metadata.metadataBase is not set for resolving social open graph or twitter images, using "http://localhost:3000". See https://nextjs.org/docs/app/api-reference/functions/generate-metadata#metadatabase
 ✓ Compiled /trends in 464ms (1701 modules)

 ⚠ metadata.metadataBase is not set for resolving social open graph or twitter images, using "http://localhost:3000". See https://nextjs.org/docs/app/api-reference/functions/generate-metadata#metadatabase
 ✓ Compiled in 593ms (1668 modules)

 ⚠ metadata.metadataBase is not set for resolving social open graph or twitter images, using "http://localhost:3000". See https://nextjs.org/docs/app/api-reference/functions/generate-metadata#metadatabase
 ✓ Compiled in 328ms (804 modules)
 ✓ Compiled in 657ms (1664 modules)

 ⚠ metadata.metadataBase is not set for resolving social open graph or twitter images, using "http://localhost:3000". See https://nextjs.org/docs/app/api-reference/functions/generate-metadata#metadatabase
 ✓ Compiled in 213ms (804 modules)
 ✓ Compiled in 178ms (804 modules)
 ✓ Compiled in 533ms (1664 modules)

 ⚠ metadata.metadataBase is not set for resolving social open graph or twitter images, using "http://localhost:3000". See https://nextjs.org/docs/app/api-reference/functions/generate-metadata#metadatabase
 ✓ Compiled in 251ms (1664 modules)

 ⚠ metadata.metadataBase is not set for resolving social open graph or twitter images, using "http://localhost:3000". See https://nextjs.org/docs/app/api-reference/functions/generate-metadata#metadatabase
 ⨯ ./app/(authenticated)/timeline/page.tsx
Error: 
  [31mx[0m Unexpected token `div`. Expected jsx identifier
     ,-[[36;1;4m/Users/JeremyUys_1/Desktop/WAVESITE2/web/app/(authenticated)/timeline/page.tsx[0m:249:1]
 [2m249[0m |   };
 [2m250[0m | 
 [2m251[0m |   return (
 [2m252[0m |     <div className="min-h-screen bg-gray-50">
     : [31;1m     ^^^[0m
 [2m253[0m |       <div className="max-w-7xl mx-auto px-4 py-8">
 [2m254[0m |         <div className="mb-8">
 [2m255[0m |           <h1 className="text-3xl font-bold text-gray-900 mb-2">My Trend Timeline</h1>
     `----

Caused by:
    Syntax Error

Import trace for requested module:
./app/(authenticated)/timeline/page.tsx
 ⨯ ./app/(authenticated)/timeline/page.tsx
Error: 
  [31mx[0m Unexpected token `div`. Expected jsx identifier
     ,-[[36;1;4m/Users/JeremyUys_1/Desktop/WAVESITE2/web/app/(authenticated)/timeline/page.tsx[0m:249:1]
 [2m249[0m |   };
 [2m250[0m | 
 [2m251[0m |   return (
 [2m252[0m |     <div className="min-h-screen bg-gray-50">
     : [31;1m     ^^^[0m
 [2m253[0m |       <div className="max-w-7xl mx-auto px-4 py-8">
 [2m254[0m |         <div className="mb-8">
 [2m255[0m |           <h1 className="text-3xl font-bold text-gray-900 mb-2">My Trend Timeline</h1>
     `----

Caused by:
    Syntax Error

Import trace for requested module:
./app/(authenticated)/timeline/page.tsx
 ○ Compiling /_error ...
 ✓ Compiled /not-found in 873ms (1814 modules)
 ⚠ Fast Refresh had to perform a full reload due to a runtime error.

 ⚠ metadata.metadataBase is not set for resolving social open graph or twitter images, using "http://localhost:3000". See https://nextjs.org/docs/app/api-reference/functions/generate-metadata#metadatabase
 ✓ Compiled in 429ms (1828 modules)

 ⚠ metadata.metadataBase is not set for resolving social open graph or twitter images, using "http://localhost:3000". See https://nextjs.org/docs/app/api-reference/functions/generate-metadata#metadatabase
 ✓ Compiled in 269ms (1828 modules)

 ⚠ metadata.metadataBase is not set for resolving social open graph or twitter images, using "http://localhost:3000". See https://nextjs.org/docs/app/api-reference/functions/generate-metadata#metadatabase
 ✓ Compiled in 272ms (1828 modules)

 ⚠ metadata.metadataBase is not set for resolving social open graph or twitter images, using "http://localhost:3000". See https://nextjs.org/docs/app/api-reference/functions/generate-metadata#metadatabase
 ✓ Compiled /dashboard in 418ms (902 modules)

 ⚠ metadata.metadataBase is not set for resolving social open graph or twitter images, using "http://localhost:3000". See https://nextjs.org/docs/app/api-reference/functions/generate-metadata#metadatabase
 ○ Compiling /profile ...
 ✓ Compiled /profile in 793ms (1837 modules)

 ⚠ metadata.metadataBase is not set for resolving social open graph or twitter images, using "http://localhost:3000". See https://nextjs.org/docs/app/api-reference/functions/generate-metadata#metadatabase
 ✓ Compiled in 790ms (1823 modules)

 ⚠ metadata.metadataBase is not set for resolving social open graph or twitter images, using "http://localhost:3000". See https://nextjs.org/docs/app/api-reference/functions/generate-metadata#metadatabase
 ✓ Compiled in 236ms (1823 modules)

 ⚠ metadata.metadataBase is not set for resolving social open graph or twitter images, using "http://localhost:3000". See https://nextjs.org/docs/app/api-reference/functions/generate-metadata#metadatabase
 ✓ Compiled in 232ms (1823 modules)

 ⚠ metadata.metadataBase is not set for resolving social open graph or twitter images, using "http://localhost:3000". See https://nextjs.org/docs/app/api-reference/functions/generate-metadata#metadatabase
 ✓ Compiled in 378ms (1823 modules)

 ⚠ metadata.metadataBase is not set for resolving social open graph or twitter images, using "http://localhost:3000". See https://nextjs.org/docs/app/api-reference/functions/generate-metadata#metadatabase
 ✓ Compiled in 505ms (1823 modules)

 ⚠ metadata.metadataBase is not set for resolving social open graph or twitter images, using "http://localhost:3000". See https://nextjs.org/docs/app/api-reference/functions/generate-metadata#metadatabase
 ✓ Compiled in 276ms (1823 modules)

 ⚠ metadata.metadataBase is not set for resolving social open graph or twitter images, using "http://localhost:3000". See https://nextjs.org/docs/app/api-reference/functions/generate-metadata#metadatabase
 ✓ Compiled in 927ms (1846 modules)

 ⚠ metadata.metadataBase is not set for resolving social open graph or twitter images, using "http://localhost:3000". See https://nextjs.org/docs/app/api-reference/functions/generate-metadata#metadatabase
 ✓ Compiled in 637ms (1846 modules)

 ⚠ metadata.metadataBase is not set for resolving social open graph or twitter images, using "http://localhost:3000". See https://nextjs.org/docs/app/api-reference/functions/generate-metadata#metadatabase
 ✓ Compiled in 293ms (1846 modules)

 ⚠ metadata.metadataBase is not set for resolving social open graph or twitter images, using "http://localhost:3000". See https://nextjs.org/docs/app/api-reference/functions/generate-metadata#metadatabase
 ✓ Compiled in 343ms (1846 modules)

 ⚠ metadata.metadataBase is not set for resolving social open graph or twitter images, using "http://localhost:3000". See https://nextjs.org/docs/app/api-reference/functions/generate-metadata#metadatabase
 ✓ Compiled in 984ms (1846 modules)

 ⚠ metadata.metadataBase is not set for resolving social open graph or twitter images, using "http://localhost:3000". See https://nextjs.org/docs/app/api-reference/functions/generate-metadata#metadatabase
 ✓ Compiled /earnings in 383ms (1916 modules)

 ⚠ metadata.metadataBase is not set for resolving social open graph or twitter images, using "http://localhost:3000". See https://nextjs.org/docs/app/api-reference/functions/generate-metadata#metadatabase
 ✓ Compiled in 352ms (1930 modules)

 ⚠ metadata.metadataBase is not set for resolving social open graph or twitter images, using "http://localhost:3000". See https://nextjs.org/docs/app/api-reference/functions/generate-metadata#metadatabase
 ✓ Compiled /verify in 169ms (1922 modules)

 ⚠ metadata.metadataBase is not set for resolving social open graph or twitter images, using "http://localhost:3000". See https://nextjs.org/docs/app/api-reference/functions/generate-metadata#metadatabase
 ⚠ Fast Refresh had to perform a full reload due to a runtime error.
 ✓ Compiled in 680ms (1925 modules)

 ⚠ metadata.metadataBase is not set for resolving social open graph or twitter images, using "http://localhost:3000". See https://nextjs.org/docs/app/api-reference/functions/generate-metadata#metadatabase
 ⚠ Fast Refresh had to perform a full reload due to a runtime error.
 ✓ Compiled in 327ms (1925 modules)

 ⚠ metadata.metadataBase is not set for resolving social open graph or twitter images, using "http://localhost:3000". See https://nextjs.org/docs/app/api-reference/functions/generate-metadata#metadatabase
 ✓ Compiled /trends in 340ms (1925 modules)
 ✓ Compiled (1932 modules)

 ⚠ metadata.metadataBase is not set for resolving social open graph or twitter images, using "http://localhost:3000". See https://nextjs.org/docs/app/api-reference/functions/generate-metadata#metadatabase
 ✓ Compiled in 340ms (1932 modules)

 ⚠ metadata.metadataBase is not set for resolving social open graph or twitter images, using "http://localhost:3000". See https://nextjs.org/docs/app/api-reference/functions/generate-metadata#metadatabase
 ✓ Compiled /scroll in 134ms (969 modules)

 ⚠ metadata.metadataBase is not set for resolving social open graph or twitter images, using "http://localhost:3000". See https://nextjs.org/docs/app/api-reference/functions/generate-metadata#metadatabase
 ✓ Compiled in 546ms (1948 modules)

 ⚠ metadata.metadataBase is not set for resolving social open graph or twitter images, using "http://localhost:3000". See https://nextjs.org/docs/app/api-reference/functions/generate-metadata#metadatabase
 ✓ Compiled in 318ms (1948 modules)

 ⚠ metadata.metadataBase is not set for resolving social open graph or twitter images, using "http://localhost:3000". See https://nextjs.org/docs/app/api-reference/functions/generate-metadata#metadatabase
 ✓ Compiled in 412ms (1948 modules)

 ⚠ metadata.metadataBase is not set for resolving social open graph or twitter images, using "http://localhost:3000". See https://nextjs.org/docs/app/api-reference/functions/generate-metadata#metadatabase
 ✓ Compiled in 300ms (1948 modules)

 ⚠ metadata.metadataBase is not set for resolving social open graph or twitter images, using "http://localhost:3000". See https://nextjs.org/docs/app/api-reference/functions/generate-metadata#metadatabase
 ✓ Compiled in 340ms (1948 modules)

 ⚠ metadata.metadataBase is not set for resolving social open graph or twitter images, using "http://localhost:3000". See https://nextjs.org/docs/app/api-reference/functions/generate-metadata#metadatabase
 ✓ Compiled in 284ms (1948 modules)

 ⚠ metadata.metadataBase is not set for resolving social open graph or twitter images, using "http://localhost:3000". See https://nextjs.org/docs/app/api-reference/functions/generate-metadata#metadatabase
 ✓ Compiled /trends in 363ms (965 modules)

 ⚠ metadata.metadataBase is not set for resolving social open graph or twitter images, using "http://localhost:3000". See https://nextjs.org/docs/app/api-reference/functions/generate-metadata#metadatabase
 ✓ Compiled in 1386ms (1944 modules)

 ⚠ metadata.metadataBase is not set for resolving social open graph or twitter images, using "http://localhost:3000". See https://nextjs.org/docs/app/api-reference/functions/generate-metadata#metadatabase
 ✓ Compiled in 739ms (1944 modules)

 ⚠ metadata.metadataBase is not set for resolving social open graph or twitter images, using "http://localhost:3000". See https://nextjs.org/docs/app/api-reference/functions/generate-metadata#metadatabase
 ✓ Compiled in 688ms (1944 modules)

 ⚠ metadata.metadataBase is not set for resolving social open graph or twitter images, using "http://localhost:3000". See https://nextjs.org/docs/app/api-reference/functions/generate-metadata#metadatabase
 ✓ Compiled in 509ms (1944 modules)

 ⚠ metadata.metadataBase is not set for resolving social open graph or twitter images, using "http://localhost:3000". See https://nextjs.org/docs/app/api-reference/functions/generate-metadata#metadatabase
 ✓ Compiled in 290ms (1944 modules)

 ⚠ metadata.metadataBase is not set for resolving social open graph or twitter images, using "http://localhost:3000". See https://nextjs.org/docs/app/api-reference/functions/generate-metadata#metadatabase
 ✓ Compiled in 280ms (1930 modules)
 ✓ Compiled in 161ms (1930 modules)
 ✓ Compiled in 438ms (1944 modules)

 ⚠ metadata.metadataBase is not set for resolving social open graph or twitter images, using "http://localhost:3000". See https://nextjs.org/docs/app/api-reference/functions/generate-metadata#metadatabase
 ✓ Compiled in 308ms (1944 modules)

 ⚠ metadata.metadataBase is not set for resolving social open graph or twitter images, using "http://localhost:3000". See https://nextjs.org/docs/app/api-reference/functions/generate-metadata#metadatabase
 ✓ Compiled in 893ms (1946 modules)

 ⚠ metadata.metadataBase is not set for resolving social open graph or twitter images, using "http://localhost:3000". See https://nextjs.org/docs/app/api-reference/functions/generate-metadata#metadatabase
 ✓ Compiled in 696ms (1946 modules)

 ⚠ metadata.metadataBase is not set for resolving social open graph or twitter images, using "http://localhost:3000". See https://nextjs.org/docs/app/api-reference/functions/generate-metadata#metadatabase
 ✓ Compiled in 721ms (1946 modules)

 ⚠ metadata.metadataBase is not set for resolving social open graph or twitter images, using "http://localhost:3000". See https://nextjs.org/docs/app/api-reference/functions/generate-metadata#metadatabase
 ✓ Compiled in 672ms (1946 modules)

 ⚠ metadata.metadataBase is not set for resolving social open graph or twitter images, using "http://localhost:3000". See https://nextjs.org/docs/app/api-reference/functions/generate-metadata#metadatabase
 ✓ Compiled in 933ms (1946 modules)

 ⚠ metadata.metadataBase is not set for resolving social open graph or twitter images, using "http://localhost:3000". See https://nextjs.org/docs/app/api-reference/functions/generate-metadata#metadatabase
 ✓ Compiled in 680ms (1946 modules)

 ⚠ metadata.metadataBase is not set for resolving social open graph or twitter images, using "http://localhost:3000". See https://nextjs.org/docs/app/api-reference/functions/generate-metadata#metadatabase
 ✓ Compiled in 787ms (1946 modules)

 ⚠ metadata.metadataBase is not set for resolving social open graph or twitter images, using "http://localhost:3000". See https://nextjs.org/docs/app/api-reference/functions/generate-metadata#metadatabase
 ✓ Compiled in 612ms (1946 modules)

 ⚠ metadata.metadataBase is not set for resolving social open graph or twitter images, using "http://localhost:3000". See https://nextjs.org/docs/app/api-reference/functions/generate-metadata#metadatabase
 ✓ Compiled in 784ms (1946 modules)

 ⚠ metadata.metadataBase is not set for resolving social open graph or twitter images, using "http://localhost:3000". See https://nextjs.org/docs/app/api-reference/functions/generate-metadata#metadatabase
 ✓ Compiled in 329ms (1946 modules)

 ⚠ metadata.metadataBase is not set for resolving social open graph or twitter images, using "http://localhost:3000". See https://nextjs.org/docs/app/api-reference/functions/generate-metadata#metadatabase
 ✓ Compiled in 647ms (1946 modules)

 ⚠ metadata.metadataBase is not set for resolving social open graph or twitter images, using "http://localhost:3000". See https://nextjs.org/docs/app/api-reference/functions/generate-metadata#metadatabase
 ✓ Compiled in 617ms (1946 modules)

 ⚠ metadata.metadataBase is not set for resolving social open graph or twitter images, using "http://localhost:3000". See https://nextjs.org/docs/app/api-reference/functions/generate-metadata#metadatabase
 ✓ Compiled in 300ms (1946 modules)

 ⚠ metadata.metadataBase is not set for resolving social open graph or twitter images, using "http://localhost:3000". See https://nextjs.org/docs/app/api-reference/functions/generate-metadata#metadatabase
 ✓ Compiled in 308ms (1946 modules)

 ⚠ metadata.metadataBase is not set for resolving social open graph or twitter images, using "http://localhost:3000". See https://nextjs.org/docs/app/api-reference/functions/generate-metadata#metadatabase
 ✓ Compiled in 258ms (1946 modules)

 ⚠ metadata.metadataBase is not set for resolving social open graph or twitter images, using "http://localhost:3000". See https://nextjs.org/docs/app/api-reference/functions/generate-metadata#metadatabase
 ✓ Compiled in 233ms (1946 modules)

 ⚠ metadata.metadataBase is not set for resolving social open graph or twitter images, using "http://localhost:3000". See https://nextjs.org/docs/app/api-reference/functions/generate-metadata#metadatabase
 ✓ Compiled in 334ms (1946 modules)

 ⚠ metadata.metadataBase is not set for resolving social open graph or twitter images, using "http://localhost:3000". See https://nextjs.org/docs/app/api-reference/functions/generate-metadata#metadatabase
 ✓ Compiled in 513ms (1946 modules)

 ⚠ metadata.metadataBase is not set for resolving social open graph or twitter images, using "http://localhost:3000". See https://nextjs.org/docs/app/api-reference/functions/generate-metadata#metadatabase
 ✓ Compiled in 332ms (1946 modules)

 ⚠ metadata.metadataBase is not set for resolving social open graph or twitter images, using "http://localhost:3000". See https://nextjs.org/docs/app/api-reference/functions/generate-metadata#metadatabase
 ✓ Compiled in 535ms (1946 modules)

 ⚠ metadata.metadataBase is not set for resolving social open graph or twitter images, using "http://localhost:3000". See https://nextjs.org/docs/app/api-reference/functions/generate-metadata#metadatabase
 ✓ Compiled in 645ms (1946 modules)

 ⚠ metadata.metadataBase is not set for resolving social open graph or twitter images, using "http://localhost:3000". See https://nextjs.org/docs/app/api-reference/functions/generate-metadata#metadatabase
 ✓ Compiled /api/proxy in 259ms (975 modules)
 ✓ Compiled in 372ms (1966 modules)

 ⚠ metadata.metadataBase is not set for resolving social open graph or twitter images, using "http://localhost:3000". See https://nextjs.org/docs/app/api-reference/functions/generate-metadata#metadatabase
 ✓ Compiled in 294ms (1966 modules)

 ⚠ metadata.metadataBase is not set for resolving social open graph or twitter images, using "http://localhost:3000". See https://nextjs.org/docs/app/api-reference/functions/generate-metadata#metadatabase
 ✓ Compiled in 510ms (1966 modules)

 ⚠ metadata.metadataBase is not set for resolving social open graph or twitter images, using "http://localhost:3000". See https://nextjs.org/docs/app/api-reference/functions/generate-metadata#metadatabase
 ✓ Compiled in 649ms (1966 modules)

 ⚠ metadata.metadataBase is not set for resolving social open graph or twitter images, using "http://localhost:3000". See https://nextjs.org/docs/app/api-reference/functions/generate-metadata#metadatabase
 ✓ Compiled /dashboard in 377ms (959 modules)

 ⚠ metadata.metadataBase is not set for resolving social open graph or twitter images, using "http://localhost:3000". See https://nextjs.org/docs/app/api-reference/functions/generate-metadata#metadatabase
 ✓ Compiled in 1008ms (1946 modules)

 ⚠ metadata.metadataBase is not set for resolving social open graph or twitter images, using "http://localhost:3000". See https://nextjs.org/docs/app/api-reference/functions/generate-metadata#metadatabase
 ✓ Compiled in 430ms (1946 modules)

 ⚠ metadata.metadataBase is not set for resolving social open graph or twitter images, using "http://localhost:3000". See https://nextjs.org/docs/app/api-reference/functions/generate-metadata#metadatabase
 ✓ Compiled in 511ms (1946 modules)

 ⚠ metadata.metadataBase is not set for resolving social open graph or twitter images, using "http://localhost:3000". See https://nextjs.org/docs/app/api-reference/functions/generate-metadata#metadatabase
 ✓ Compiled in 431ms (1946 modules)
 ✓ Compiled /api/proxy in 268ms (975 modules)

 ⚠ metadata.metadataBase is not set for resolving social open graph or twitter images, using "http://localhost:3000". See https://nextjs.org/docs/app/api-reference/functions/generate-metadata#metadatabase
 ✓ Compiled in 332ms (1966 modules)

 ⚠ metadata.metadataBase is not set for resolving social open graph or twitter images, using "http://localhost:3000". See https://nextjs.org/docs/app/api-reference/functions/generate-metadata#metadatabase
 ✓ Compiled in 299ms (1966 modules)

 ⚠ metadata.metadataBase is not set for resolving social open graph or twitter images, using "http://localhost:3000". See https://nextjs.org/docs/app/api-reference/functions/generate-metadata#metadatabase
 ✓ Compiled in 401ms (1966 modules)

 ⚠ metadata.metadataBase is not set for resolving social open graph or twitter images, using "http://localhost:3000". See https://nextjs.org/docs/app/api-reference/functions/generate-metadata#metadatabase
 ✓ Compiled in 474ms (1966 modules)

 ⚠ metadata.metadataBase is not set for resolving social open graph or twitter images, using "http://localhost:3000". See https://nextjs.org/docs/app/api-reference/functions/generate-metadata#metadatabase
 ✓ Compiled in 468ms (1966 modules)

 ⚠ metadata.metadataBase is not set for resolving social open graph or twitter images, using "http://localhost:3000". See https://nextjs.org/docs/app/api-reference/functions/generate-metadata#metadatabase
 ✓ Compiled in 290ms (1946 modules)

 ⚠ metadata.metadataBase is not set for resolving social open graph or twitter images, using "http://localhost:3000". See https://nextjs.org/docs/app/api-reference/functions/generate-metadata#metadatabase
 ✓ Compiled in 470ms (1946 modules)

 ⚠ metadata.metadataBase is not set for resolving social open graph or twitter images, using "http://localhost:3000". See https://nextjs.org/docs/app/api-reference/functions/generate-metadata#metadatabase
 ✓ Compiled in 303ms (1946 modules)

 ⚠ metadata.metadataBase is not set for resolving social open graph or twitter images, using "http://localhost:3000". See https://nextjs.org/docs/app/api-reference/functions/generate-metadata#metadatabase
 ✓ Compiled in 368ms (1946 modules)

 ⚠ metadata.metadataBase is not set for resolving social open graph or twitter images, using "http://localhost:3000". See https://nextjs.org/docs/app/api-reference/functions/generate-metadata#metadatabase
 ✓ Compiled in 336ms (1946 modules)

 ⚠ metadata.metadataBase is not set for resolving social open graph or twitter images, using "http://localhost:3000". See https://nextjs.org/docs/app/api-reference/functions/generate-metadata#metadatabase
 ✓ Compiled /verify in 213ms (959 modules)

 ⚠ metadata.metadataBase is not set for resolving social open graph or twitter images, using "http://localhost:3000". See https://nextjs.org/docs/app/api-reference/functions/generate-metadata#metadatabase
 ✓ Compiled /profile in 201ms (970 modules)

 ⚠ metadata.metadataBase is not set for resolving social open graph or twitter images, using "http://localhost:3000". See https://nextjs.org/docs/app/api-reference/functions/generate-metadata#metadatabase
 ✓ Compiled /dashboard in 245ms (927 modules)

 ⚠ metadata.metadataBase is not set for resolving social open graph or twitter images, using "http://localhost:3000". See https://nextjs.org/docs/app/api-reference/functions/generate-metadata#metadatabase
 ✓ Compiled in 607ms (1914 modules)

 ⚠ metadata.metadataBase is not set for resolving social open graph or twitter images, using "http://localhost:3000". See https://nextjs.org/docs/app/api-reference/functions/generate-metadata#metadatabase
 ✓ Compiled in 305ms (1914 modules)

 ⚠ metadata.metadataBase is not set for resolving social open graph or twitter images, using "http://localhost:3000". See https://nextjs.org/docs/app/api-reference/functions/generate-metadata#metadatabase
 ✓ Compiled in 367ms (1914 modules)

 ⚠ metadata.metadataBase is not set for resolving social open graph or twitter images, using "http://localhost:3000". See https://nextjs.org/docs/app/api-reference/functions/generate-metadata#metadatabase
 ✓ Compiled in 323ms (1914 modules)

 ⚠ metadata.metadataBase is not set for resolving social open graph or twitter images, using "http://localhost:3000". See https://nextjs.org/docs/app/api-reference/functions/generate-metadata#metadatabase
 ✓ Compiled in 492ms (1914 modules)

 ⚠ metadata.metadataBase is not set for resolving social open graph or twitter images, using "http://localhost:3000". See https://nextjs.org/docs/app/api-reference/functions/generate-metadata#metadatabase
 ✓ Compiled in 776ms (1914 modules)

 ⚠ metadata.metadataBase is not set for resolving social open graph or twitter images, using "http://localhost:3000". See https://nextjs.org/docs/app/api-reference/functions/generate-metadata#metadatabase
 ✓ Compiled in 782ms (1914 modules)

 ⚠ metadata.metadataBase is not set for resolving social open graph or twitter images, using "http://localhost:3000". See https://nextjs.org/docs/app/api-reference/functions/generate-metadata#metadatabase
 ✓ Compiled in 366ms (1914 modules)

 ⚠ metadata.metadataBase is not set for resolving social open graph or twitter images, using "http://localhost:3000". See https://nextjs.org/docs/app/api-reference/functions/generate-metadata#metadatabase
 ✓ Compiled in 303ms (1914 modules)

 ⚠ metadata.metadataBase is not set for resolving social open graph or twitter images, using "http://localhost:3000". See https://nextjs.org/docs/app/api-reference/functions/generate-metadata#metadatabase
 ✓ Compiled in 300ms (1914 modules)

 ⚠ metadata.metadataBase is not set for resolving social open graph or twitter images, using "http://localhost:3000". See https://nextjs.org/docs/app/api-reference/functions/generate-metadata#metadatabase
 ✓ Compiled in 653ms (1914 modules)

 ⚠ metadata.metadataBase is not set for resolving social open graph or twitter images, using "http://localhost:3000". See https://nextjs.org/docs/app/api-reference/functions/generate-metadata#metadatabase
 ✓ Compiled in 485ms (1914 modules)

 ⚠ metadata.metadataBase is not set for resolving social open graph or twitter images, using "http://localhost:3000". See https://nextjs.org/docs/app/api-reference/functions/generate-metadata#metadatabase
 ✓ Compiled in 640ms (1914 modules)

 ⚠ metadata.metadataBase is not set for resolving social open graph or twitter images, using "http://localhost:3000". See https://nextjs.org/docs/app/api-reference/functions/generate-metadata#metadatabase
 ✓ Compiled in 358ms (1914 modules)

 ⚠ metadata.metadataBase is not set for resolving social open graph or twitter images, using "http://localhost:3000". See https://nextjs.org/docs/app/api-reference/functions/generate-metadata#metadatabase
 ✓ Compiled in 380ms (1914 modules)

 ⚠ metadata.metadataBase is not set for resolving social open graph or twitter images, using "http://localhost:3000". See https://nextjs.org/docs/app/api-reference/functions/generate-metadata#metadatabase
 ✓ Compiled in 489ms (1914 modules)

 ⚠ metadata.metadataBase is not set for resolving social open graph or twitter images, using "http://localhost:3000". See https://nextjs.org/docs/app/api-reference/functions/generate-metadata#metadatabase
 ✓ Compiled in 543ms (1914 modules)

 ⚠ metadata.metadataBase is not set for resolving social open graph or twitter images, using "http://localhost:3000". See https://nextjs.org/docs/app/api-reference/functions/generate-metadata#metadatabase
 ✓ Compiled in 501ms (1914 modules)

 ⚠ metadata.metadataBase is not set for resolving social open graph or twitter images, using "http://localhost:3000". See https://nextjs.org/docs/app/api-reference/functions/generate-metadata#metadatabase
 ✓ Compiled in 551ms (1914 modules)

 ⚠ metadata.metadataBase is not set for resolving social open graph or twitter images, using "http://localhost:3000". See https://nextjs.org/docs/app/api-reference/functions/generate-metadata#metadatabase
 ✓ Compiled in 759ms (1916 modules)

 ⚠ metadata.metadataBase is not set for resolving social open graph or twitter images, using "http://localhost:3000". See https://nextjs.org/docs/app/api-reference/functions/generate-metadata#metadatabase
 ✓ Compiled /dashboard in 368ms (928 modules)

 ⚠ metadata.metadataBase is not set for resolving social open graph or twitter images, using "http://localhost:3000". See https://nextjs.org/docs/app/api-reference/functions/generate-metadata#metadatabase
 ✓ Compiled /verify in 229ms (962 modules)
 ✓ Compiled /earnings in 120ms (967 modules)
 ✓ Compiled in 614ms (1959 modules)

 ⚠ metadata.metadataBase is not set for resolving social open graph or twitter images, using "http://localhost:3000". See https://nextjs.org/docs/app/api-reference/functions/generate-metadata#metadatabase
 ✓ Compiled in 224ms (992 modules)
 ✓ Compiled in 262ms (992 modules)
 ✓ Compiled in 215ms (992 modules)
 ✓ Compiled in 232ms (992 modules)
 ✓ Compiled /submit in 280ms (975 modules)

 ⚠ metadata.metadataBase is not set for resolving social open graph or twitter images, using "http://localhost:3000". See https://nextjs.org/docs/app/api-reference/functions/generate-metadata#metadatabase
 ✓ Compiled in 625ms (1967 modules)

 ⚠ metadata.metadataBase is not set for resolving social open graph or twitter images, using "http://localhost:3000". See https://nextjs.org/docs/app/api-reference/functions/generate-metadata#metadatabase
 ✓ Compiled in 332ms (1967 modules)

 ⚠ metadata.metadataBase is not set for resolving social open graph or twitter images, using "http://localhost:3000". See https://nextjs.org/docs/app/api-reference/functions/generate-metadata#metadatabase
 ✓ Compiled in 314ms (1967 modules)

 ⚠ metadata.metadataBase is not set for resolving social open graph or twitter images, using "http://localhost:3000". See https://nextjs.org/docs/app/api-reference/functions/generate-metadata#metadatabase
 ✓ Compiled in 381ms (1967 modules)

 ⚠ metadata.metadataBase is not set for resolving social open graph or twitter images, using "http://localhost:3000". See https://nextjs.org/docs/app/api-reference/functions/generate-metadata#metadatabase
 ✓ Compiled /api/proxy in 429ms (936 modules)

 ⚠ metadata.metadataBase is not set for resolving social open graph or twitter images, using "http://localhost:3000". See https://nextjs.org/docs/app/api-reference/functions/generate-metadata#metadatabase
 ✓ Compiled in 599ms (992 modules)
 ✓ Compiled in 570ms (1908 modules)

 ⚠ metadata.metadataBase is not set for resolving social open graph or twitter images, using "http://localhost:3000". See https://nextjs.org/docs/app/api-reference/functions/generate-metadata#metadatabase
 ✓ Compiled in 363ms (992 modules)
 ✓ Compiled in 949ms (2091 modules)

 ⚠ metadata.metadataBase is not set for resolving social open graph or twitter images, using "http://localhost:3000". See https://nextjs.org/docs/app/api-reference/functions/generate-metadata#metadatabase
 ✓ Compiled in 290ms (992 modules)
 ✓ Compiled in 280ms (992 modules)
 ✓ Compiled in 273ms (992 modules)
 ✓ Compiled in 295ms (992 modules)
 ✓ Compiled in 309ms (992 modules)
 ✓ Compiled in 188ms (992 modules)
 ✓ Compiled in 700ms (2091 modules)

 ⚠ metadata.metadataBase is not set for resolving social open graph or twitter images, using "http://localhost:3000". See https://nextjs.org/docs/app/api-reference/functions/generate-metadata#metadatabase
 ✓ Compiled in 173ms (992 modules)
 ✓ Compiled in 190ms (992 modules)
 ✓ Compiled in 213ms (2091 modules)

 ⚠ metadata.metadataBase is not set for resolving social open graph or twitter images, using "http://localhost:3000". See https://nextjs.org/docs/app/api-reference/functions/generate-metadata#metadatabase
 ✓ Compiled in 604ms (2091 modules)

 ⚠ metadata.metadataBase is not set for resolving social open graph or twitter images, using "http://localhost:3000". See https://nextjs.org/docs/app/api-reference/functions/generate-metadata#metadatabase
 ○ Compiling /login ...
 ✓ Compiled /login in 757ms (1902 modules)

 ⚠ metadata.metadataBase is not set for resolving social open graph or twitter images, using "http://localhost:3000". See https://nextjs.org/docs/app/api-reference/functions/generate-metadata#metadatabase
 ✓ Compiled /register in 254ms (1908 modules)

 ⚠ metadata.metadataBase is not set for resolving social open graph or twitter images, using "http://localhost:3000". See https://nextjs.org/docs/app/api-reference/functions/generate-metadata#metadatabase
 ○ Compiling /icon ...
 ✓ Compiled /icon in 2.1s (2253 modules)

 ⚠ metadata.metadataBase is not set for resolving social open graph or twitter images, using "http://localhost:3000". See https://nextjs.org/docs/app/api-reference/functions/generate-metadata#metadatabase
<w> [webpack.cache.PackFileCacheStrategy] Serializing big strings (116kiB) impacts deserialization performance (consider using Buffer instead and decode when needed)
 ✓ Compiled in 671ms (1889 modules)

 ⚠ metadata.metadataBase is not set for resolving social open graph or twitter images, using "http://localhost:3000". See https://nextjs.org/docs/app/api-reference/functions/generate-metadata#metadatabase
 ⨯ ./app/register/page.tsx
Error: 
  [31mx[0m Unexpected token `div`. Expected jsx identifier
    ,-[[36;1;4m/Users/JeremyUys_1/Desktop/WAVESITE2/web/app/register/page.tsx[0m:61:1]
 [2m61[0m |   };
 [2m62[0m | 
 [2m63[0m |   return (
 [2m64[0m |     <div className="min-h-screen relative overflow-hidden bg-gradient-to-br from-gray-900 via-blue-900/20 to-gray-900">
    : [31;1m     ^^^[0m
 [2m65[0m |       <Header />
 [2m66[0m |       <div className="flex items-center justify-center min-h-screen px-4 py-20">
 [2m67[0m |       {/* Animated background */}
    `----

Caused by:
    Syntax Error

Import trace for requested module:
./app/register/page.tsx
 ⨯ ./app/register/page.tsx
Error: 
  [31mx[0m Unexpected token `div`. Expected jsx identifier
    ,-[[36;1;4m/Users/JeremyUys_1/Desktop/WAVESITE2/web/app/register/page.tsx[0m:61:1]
 [2m61[0m |   };
 [2m62[0m | 
 [2m63[0m |   return (
 [2m64[0m |     <div className="min-h-screen relative overflow-hidden bg-gradient-to-br from-gray-900 via-blue-900/20 to-gray-900">
    : [31;1m     ^^^[0m
 [2m65[0m |       <Header />
 [2m66[0m |       <div className="flex items-center justify-center min-h-screen px-4 py-20">
 [2m67[0m |       {/* Animated background */}
    `----

Caused by:
    Syntax Error

Import trace for requested module:
./app/register/page.tsx
 ⚠ Fast Refresh had to perform a full reload due to a runtime error.
 ○ Compiling /not-found ...
 ⨯ ./app/register/page.tsx
Error: 
  [31mx[0m Unexpected token `div`. Expected jsx identifier
    ,-[[36;1;4m/Users/JeremyUys_1/Desktop/WAVESITE2/web/app/register/page.tsx[0m:61:1]
 [2m61[0m |   };
 [2m62[0m | 
 [2m63[0m |   return (
 [2m64[0m |     <div className="min-h-screen relative overflow-hidden bg-gradient-to-br from-gray-900 via-blue-900/20 to-gray-900">
    : [31;1m     ^^^[0m
 [2m65[0m |       <Header />
 [2m66[0m |       <div className="flex items-center justify-center min-h-screen px-4 py-20">
 [2m67[0m |       {/* Animated background */}
    `----

Caused by:
    Syntax Error

Import trace for requested module:
./app/register/page.tsx
 ⚠ Fast Refresh had to perform a full reload due to a runtime error.
 ⨯ ./app/register/page.tsx
Error: 
  [31mx[0m Unexpected token `div`. Expected jsx identifier
    ,-[[36;1;4m/Users/JeremyUys_1/Desktop/WAVESITE2/web/app/register/page.tsx[0m:61:1]
 [2m61[0m |   };
 [2m62[0m | 
 [2m63[0m |   return (
 [2m64[0m |     <div className="min-h-screen relative overflow-hidden bg-gradient-to-br from-gray-900 via-blue-900/20 to-gray-900">
    : [31;1m     ^^^[0m
 [2m65[0m |       <Header />
 [2m66[0m |       <div className="flex items-center justify-center min-h-screen px-4 py-20">
 [2m67[0m |       {/* Animated background */}
    `----

Caused by:
    Syntax Error

Import trace for requested module:
./app/register/page.tsx
 ⚠ Fast Refresh had to perform a full reload due to a runtime error.
 ⨯ ./app/register/page.tsx
Error: 
  [31mx[0m Unexpected token `div`. Expected jsx identifier
    ,-[[36;1;4m/Users/JeremyUys_1/Desktop/WAVESITE2/web/app/register/page.tsx[0m:61:1]
 [2m61[0m |   };
 [2m62[0m | 
 [2m63[0m |   return (
 [2m64[0m |     <div className="min-h-screen relative overflow-hidden bg-gradient-to-br from-gray-900 via-blue-900/20 to-gray-900">
    : [31;1m     ^^^[0m
 [2m65[0m |       <Header />
 [2m66[0m |       <div className="flex items-center justify-center min-h-screen px-4 py-20">
 [2m67[0m |       {/* Animated background */}
    `----

Caused by:
    Syntax Error

Import trace for requested module:
./app/register/page.tsx
 ⚠ Fast Refresh had to perform a full reload due to a runtime error.
 ⨯ ./app/register/page.tsx
Error: 
  [31mx[0m Unexpected token `div`. Expected jsx identifier
    ,-[[36;1;4m/Users/JeremyUys_1/Desktop/WAVESITE2/web/app/register/page.tsx[0m:61:1]
 [2m61[0m |   };
 [2m62[0m | 
 [2m63[0m |   return (
 [2m64[0m |     <div className="min-h-screen relative overflow-hidden bg-gradient-to-br from-gray-900 via-blue-900/20 to-gray-900">
    : [31;1m     ^^^[0m
 [2m65[0m |       <Header />
 [2m66[0m |       <div className="flex items-center justify-center min-h-screen px-4 py-20">
 [2m67[0m |       {/* Animated background */}
    `----

Caused by:
    Syntax Error

Import trace for requested module:
./app/register/page.tsx
 ⚠ Fast Refresh had to perform a full reload due to a runtime error.
 ⨯ ./app/register/page.tsx
Error: 
  [31mx[0m Unexpected token `div`. Expected jsx identifier
    ,-[[36;1;4m/Users/JeremyUys_1/Desktop/WAVESITE2/web/app/register/page.tsx[0m:61:1]
 [2m61[0m |   };
 [2m62[0m | 
 [2m63[0m |   return (
 [2m64[0m |     <div className="min-h-screen relative overflow-hidden bg-gradient-to-br from-gray-900 via-blue-900/20 to-gray-900">
    : [31;1m     ^^^[0m
 [2m65[0m |       <Header />
 [2m66[0m |       <div className="flex items-center justify-center min-h-screen px-4 py-20">
 [2m67[0m |       {/* Animated background */}
    `----

Caused by:
    Syntax Error

Import trace for requested module:
./app/register/page.tsx
 ⚠ Fast Refresh had to perform a full reload due to a runtime error.
 ✓ Compiled /not-found in 1041ms (1880 modules)
 ⚠ Fast Refresh had to perform a full reload due to a runtime error.

 ⚠ metadata.metadataBase is not set for resolving social open graph or twitter images, using "http://localhost:3000". See https://nextjs.org/docs/app/api-reference/functions/generate-metadata#metadatabase
 ✓ Compiled / in 419ms (1888 modules)

 ⚠ metadata.metadataBase is not set for resolving social open graph or twitter images, using "http://localhost:3000". See https://nextjs.org/docs/app/api-reference/functions/generate-metadata#metadatabase
 ✓ Compiled /login in 121ms (906 modules)

 ⚠ metadata.metadataBase is not set for resolving social open graph or twitter images, using "http://localhost:3000". See https://nextjs.org/docs/app/api-reference/functions/generate-metadata#metadatabase
 ✓ Compiled /timeline in 562ms (1894 modules)
 ✓ Compiled (1907 modules)

 ⚠ metadata.metadataBase is not set for resolving social open graph or twitter images, using "http://localhost:3000". See https://nextjs.org/docs/app/api-reference/functions/generate-metadata#metadatabase
 ✓ Compiled /verify in 235ms (951 modules)

 ⚠ metadata.metadataBase is not set for resolving social open graph or twitter images, using "http://localhost:3000". See https://nextjs.org/docs/app/api-reference/functions/generate-metadata#metadatabase
 ✓ Compiled in 335ms (1937 modules)

 ⚠ metadata.metadataBase is not set for resolving social open graph or twitter images, using "http://localhost:3000". See https://nextjs.org/docs/app/api-reference/functions/generate-metadata#metadatabase
 ✓ Compiled /earnings in 318ms (933 modules)
 ✓ Compiled /not-found in 316ms (1922 modules)

 ⚠ metadata.metadataBase is not set for resolving social open graph or twitter images, using "http://localhost:3000". See https://nextjs.org/docs/app/api-reference/functions/generate-metadata#metadatabase
 ⨯ ./app/(authenticated)/verify/page.tsx
Error: 
  [31mx[0m Unexpected token `div`. Expected jsx identifier
     ,-[[36;1;4m/Users/JeremyUys_1/Desktop/WAVESITE2/web/app/(authenticated)/verify/page.tsx[0m:293:1]
 [2m293[0m |   };
 [2m294[0m | 
 [2m295[0m |   return (
 [2m296[0m |     <div className="min-h-screen bg-gradient-to-br from-gray-900 via-blue-900/20 to-gray-900">
     : [31;1m     ^^^[0m
 [2m297[0m |       <div className="max-w-4xl mx-auto px-4 py-6 sm:py-8">
 [2m298[0m |         <motion.div 
 [2m299[0m |           initial={{ opacity: 0, y: -20 }}
     `----

Caused by:
    Syntax Error

Import trace for requested module:
./app/(authenticated)/verify/page.tsx
<w> [webpack.cache.PackFileCacheStrategy] Caching failed for pack: Error: ENOENT: no such file or directory, lstat '/Users/JeremyUys_1/Desktop/WAVESITE2/web/.next/server/app'
<w> [webpack.cache.PackFileCacheStrategy/webpack.FileSystemInfo] Resolving '../../../../.next/server/app/(authenticated)/earnings/page' in /Users/JeremyUys_1/Desktop/WAVESITE2/web/node_modules/next/dist/server for build dependencies doesn't lead to expected result '/Users/JeremyUys_1/Desktop/WAVESITE2/web/.next/server/app/(authenticated)/earnings/page.js', but to 'Error: Can't resolve '../../../../.next/server/app/(authenticated)/earnings/page' in '/Users/JeremyUys_1/Desktop/WAVESITE2/web/node_modules/next/dist/server'' instead. Resolving dependencies are ignored for this path.
<w>  at resolve commonjs file ../../../../.next/server/app/(authenticated)/earnings/page (expected /Users/JeremyUys_1/Desktop/WAVESITE2/web/.next/server/app/(authenticated)/earnings/page.js)
<w>  at file dependencies /Users/JeremyUys_1/Desktop/WAVESITE2/web/node_modules/next/dist/server/require.js
<w>  at file /Users/JeremyUys_1/Desktop/WAVESITE2/web/node_modules/next/dist/server/require.js
<w>  at file dependencies /Users/JeremyUys_1/Desktop/WAVESITE2/web/node_modules/next/dist/export/worker.js
<w>  at file /Users/JeremyUys_1/Desktop/WAVESITE2/web/node_modules/next/dist/export/worker.js
<w>  at file dependencies /Users/JeremyUys_1/Desktop/WAVESITE2/web/node_modules/next/dist/build/worker.js
<w>  at file /Users/JeremyUys_1/Desktop/WAVESITE2/web/node_modules/next/dist/build/worker.js
<w>  at file dependencies /Users/JeremyUys_1/Desktop/WAVESITE2/web/node_modules/next/dist/build/webpack/loaders/next-route-loader/index.js
<w>  at file /Users/JeremyUys_1/Desktop/WAVESITE2/web/node_modules/next/dist/build/webpack/loaders/next-route-loader/index.js
<w>  at file dependencies /Users/JeremyUys_1/Desktop/WAVESITE2/web/node_modules/next/dist/compiled/loader-runner/LoaderRunner.js
<w>  at file /Users/JeremyUys_1/Desktop/WAVESITE2/web/node_modules/next/dist/compiled/loader-runner/LoaderRunner.js
<w>  at file dependencies /Users/JeremyUys_1/Desktop/WAVESITE2/web/node_modules/next/dist/compiled/webpack/bundle5.js
<w>  at file /Users/JeremyUys_1/Desktop/WAVESITE2/web/node_modules/next/dist/compiled/webpack/bundle5.js
<w>  at file dependencies /Users/JeremyUys_1/Desktop/WAVESITE2/web/node_modules/next/dist/compiled/webpack/webpack.js
<w>  at file /Users/JeremyUys_1/Desktop/WAVESITE2/web/node_modules/next/dist/compiled/webpack/webpack.js
<w>  at file dependencies /Users/JeremyUys_1/Desktop/WAVESITE2/web/node_modules/next/dist/build/webpack/plugins/define-env-plugin.js
<w>  at file /Users/JeremyUys_1/Desktop/WAVESITE2/web/node_modules/next/dist/build/webpack/plugins/define-env-plugin.js
<w>  at file dependencies /Users/JeremyUys_1/Desktop/WAVESITE2/web/node_modules/next/dist/build/swc/index.js
<w>  at file /Users/JeremyUys_1/Desktop/WAVESITE2/web/node_modules/next/dist/build/swc/index.js
<w>  at file dependencies /Users/JeremyUys_1/Desktop/WAVESITE2/web/node_modules/next/dist/build/webpack/loaders/next-swc-loader.js
<w>  at file /Users/JeremyUys_1/Desktop/WAVESITE2/web/node_modules/next/dist/build/webpack/loaders/next-swc-loader.js
<w>  at resolve commonjs /Users/JeremyUys_1/Desktop/WAVESITE2/web/node_modules/next/dist/build/webpack/loaders/next-swc-loader.js
sh: line 1: 99537 Killed: 9               npm run dev
