
> wavesight-dashboard@2.0.0 dev
> next dev

   ▲ Next.js 14.0.3
   - Local:        http://localhost:3000
   - Environments: .env.local

 ✓ Ready in 1071ms
 ○ Compiling / ...
 ✓ Compiled / in 2.6s (938 modules)

 ⚠ metadata.metadataBase is not set for resolving social open graph or twitter images, using "http://localhost:3000". See https://nextjs.org/docs/app/api-reference/functions/generate-metadata#metadatabase
 ✓ Compiled in 409ms (441 modules)
 ✓ Compiled /login in 234ms (931 modules)

 ⚠ metadata.metadataBase is not set for resolving social open graph or twitter images, using "http://localhost:3000". See https://nextjs.org/docs/app/api-reference/functions/generate-metadata#metadatabase
 ○ Compiling /dashboard ...
 ✓ Compiled /dashboard in 707ms (1544 modules)

 ⚠ metadata.metadataBase is not set for resolving social open graph or twitter images, using "http://localhost:3000". See https://nextjs.org/docs/app/api-reference/functions/generate-metadata#metadatabase
 ✓ Compiled /scroll in 360ms (1648 modules)

 ⚠ metadata.metadataBase is not set for resolving social open graph or twitter images, using "http://localhost:3000". See https://nextjs.org/docs/app/api-reference/functions/generate-metadata#metadatabase
 ⚠ The "images.domains" configuration is deprecated. Please use "images.remotePatterns" configuration instead.
 ✓ Compiled /api/proxy in 209ms (882 modules)

 ⚠ metadata.metadataBase is not set for resolving social open graph or twitter images, using "http://localhost:3000". See https://nextjs.org/docs/app/api-reference/functions/generate-metadata#metadatabase
 ✓ Compiled in 490ms (1655 modules)

 ⚠ metadata.metadataBase is not set for resolving social open graph or twitter images, using "http://localhost:3000". See https://nextjs.org/docs/app/api-reference/functions/generate-metadata#metadatabase
 ○ Compiling /not-found ...
 ✓ Compiled /not-found in 730ms (1646 modules)

 ⚠ metadata.metadataBase is not set for resolving social open graph or twitter images, using "http://localhost:3000". See https://nextjs.org/docs/app/api-reference/functions/generate-metadata#metadatabase
 ✓ Compiled /api/proxy in 284ms (878 modules)
 ✓ Compiled in 532ms (1680 modules)

 ⚠ metadata.metadataBase is not set for resolving social open graph or twitter images, using "http://localhost:3000". See https://nextjs.org/docs/app/api-reference/functions/generate-metadata#metadatabase
 ○ Compiling /timeline ...
 ✓ Compiled /timeline in 675ms (1667 modules)

 ⚠ metadata.metadataBase is not set for resolving social open graph or twitter images, using "http://localhost:3000". See https://nextjs.org/docs/app/api-reference/functions/generate-metadata#metadatabase
 ✓ Compiled /profile in 434ms (1695 modules)

 ⚠ metadata.metadataBase is not set for resolving social open graph or twitter images, using "http://localhost:3000". See https://nextjs.org/docs/app/api-reference/functions/generate-metadata#metadatabase
 ✓ Compiled /not-found in 136ms (1700 modules)

 ⚠ metadata.metadataBase is not set for resolving social open graph or twitter images, using "http://localhost:3000". See https://nextjs.org/docs/app/api-reference/functions/generate-metadata#metadatabase
 ✓ Compiled /persona in 224ms (1720 modules)

 ⚠ metadata.metadataBase is not set for resolving social open graph or twitter images, using "http://localhost:3000". See https://nextjs.org/docs/app/api-reference/functions/generate-metadata#metadatabase
 ○ Compiling /submit ...
 ✓ Compiled /submit in 675ms (1724 modules)

 ⚠ metadata.metadataBase is not set for resolving social open graph or twitter images, using "http://localhost:3000". See https://nextjs.org/docs/app/api-reference/functions/generate-metadata#metadatabase
 ✓ Compiled /api/proxy in 298ms (918 modules)

 ⚠ metadata.metadataBase is not set for resolving social open graph or twitter images, using "http://localhost:3000". See https://nextjs.org/docs/app/api-reference/functions/generate-metadata#metadatabase
 ✓ Compiled /login in 416ms (899 modules)

 ⚠ metadata.metadataBase is not set for resolving social open graph or twitter images, using "http://localhost:3000". See https://nextjs.org/docs/app/api-reference/functions/generate-metadata#metadatabase
 ✓ Compiled / in 114ms (906 modules)

 ⚠ metadata.metadataBase is not set for resolving social open graph or twitter images, using "http://localhost:3000". See https://nextjs.org/docs/app/api-reference/functions/generate-metadata#metadatabase
 ✓ Compiled /dashboard in 124ms (869 modules)

 ⚠ metadata.metadataBase is not set for resolving social open graph or twitter images, using "http://localhost:3000". See https://nextjs.org/docs/app/api-reference/functions/generate-metadata#metadatabase
 ✓ Compiled /register in 293ms (1701 modules)

 ⚠ metadata.metadataBase is not set for resolving social open graph or twitter images, using "http://localhost:3000". See https://nextjs.org/docs/app/api-reference/functions/generate-metadata#metadatabase
 ○ Compiling /trends ...
 ✓ Compiled /trends in 700ms (1701 modules)

 ⚠ metadata.metadataBase is not set for resolving social open graph or twitter images, using "http://localhost:3000". See https://nextjs.org/docs/app/api-reference/functions/generate-metadata#metadatabase
 ✓ Compiled /scroll in 114ms (884 modules)

 ⚠ metadata.metadataBase is not set for resolving social open graph or twitter images, using "http://localhost:3000". See https://nextjs.org/docs/app/api-reference/functions/generate-metadata#metadatabase
 ✓ Compiled /timeline in 276ms (896 modules)

 ⚠ metadata.metadataBase is not set for resolving social open graph or twitter images, using "http://localhost:3000". See https://nextjs.org/docs/app/api-reference/functions/generate-metadata#metadatabase
 ✓ Compiled /verify in 425ms (1813 modules)

 ⚠ metadata.metadataBase is not set for resolving social open graph or twitter images, using "http://localhost:3000". See https://nextjs.org/docs/app/api-reference/functions/generate-metadata#metadatabase
 ✓ Compiled /earnings in 378ms (1827 modules)

 ⚠ metadata.metadataBase is not set for resolving social open graph or twitter images, using "http://localhost:3000". See https://nextjs.org/docs/app/api-reference/functions/generate-metadata#metadatabase
 ✓ Compiled /profile in 161ms (956 modules)

 ⚠ metadata.metadataBase is not set for resolving social open graph or twitter images, using "http://localhost:3000". See https://nextjs.org/docs/app/api-reference/functions/generate-metadata#metadatabase
 ✓ Compiled /not-found in 282ms (1843 modules)

 ⚠ metadata.metadataBase is not set for resolving social open graph or twitter images, using "http://localhost:3000". See https://nextjs.org/docs/app/api-reference/functions/generate-metadata#metadatabase
 ✓ Compiled /persona in 152ms (961 modules)

 ⚠ metadata.metadataBase is not set for resolving social open graph or twitter images, using "http://localhost:3000". See https://nextjs.org/docs/app/api-reference/functions/generate-metadata#metadatabase
 ✓ Compiled /api/proxy in 501ms (917 modules)
 ○ Compiling /enterprise/dashboard ...
 ✓ Compiled /enterprise/dashboard in 782ms (1827 modules)

 ⚠ metadata.metadataBase is not set for resolving social open graph or twitter images, using "http://localhost:3000". See https://nextjs.org/docs/app/api-reference/functions/generate-metadata#metadatabase
 ✓ Compiled /api/proxy in 329ms (934 modules)
 ✓ Compiled in 1013ms (1831 modules)
 ✓ Compiled /login in 122ms (919 modules)

 ⚠ metadata.metadataBase is not set for resolving social open graph or twitter images, using "http://localhost:3000". See https://nextjs.org/docs/app/api-reference/functions/generate-metadata#metadatabase
 ✓ Compiled in 547ms (1832 modules)

 ⚠ metadata.metadataBase is not set for resolving social open graph or twitter images, using "http://localhost:3000". See https://nextjs.org/docs/app/api-reference/functions/generate-metadata#metadatabase
 ✓ Compiled /api/proxy in 182ms (935 modules)
 ✓ Compiled in 753ms (1854 modules)

 ⚠ metadata.metadataBase is not set for resolving social open graph or twitter images, using "http://localhost:3000". See https://nextjs.org/docs/app/api-reference/functions/generate-metadata#metadatabase
 ✓ Compiled in 392ms (919 modules)
 ✓ Compiled in 629ms (1854 modules)

 ⚠ metadata.metadataBase is not set for resolving social open graph or twitter images, using "http://localhost:3000". See https://nextjs.org/docs/app/api-reference/functions/generate-metadata#metadatabase
 ✓ Compiled in 465ms (1834 modules)

 ⚠ metadata.metadataBase is not set for resolving social open graph or twitter images, using "http://localhost:3000". See https://nextjs.org/docs/app/api-reference/functions/generate-metadata#metadatabase
 ✓ Compiled /dashboard in 149ms (919 modules)

 ⚠ metadata.metadataBase is not set for resolving social open graph or twitter images, using "http://localhost:3000". See https://nextjs.org/docs/app/api-reference/functions/generate-metadata#metadatabase
 ✓ Compiled /timeline in 214ms (917 modules)

 ⚠ metadata.metadataBase is not set for resolving social open graph or twitter images, using "http://localhost:3000". See https://nextjs.org/docs/app/api-reference/functions/generate-metadata#metadatabase
 ✓ Compiled /verify in 228ms (945 modules)

 ⚠ metadata.metadataBase is not set for resolving social open graph or twitter images, using "http://localhost:3000". See https://nextjs.org/docs/app/api-reference/functions/generate-metadata#metadatabase
 ✓ Compiled /earnings in 117ms (957 modules)

 ⚠ metadata.metadataBase is not set for resolving social open graph or twitter images, using "http://localhost:3000". See https://nextjs.org/docs/app/api-reference/functions/generate-metadata#metadatabase
 ✓ Compiled /profile in 132ms (967 modules)

 ⚠ metadata.metadataBase is not set for resolving social open graph or twitter images, using "http://localhost:3000". See https://nextjs.org/docs/app/api-reference/functions/generate-metadata#metadatabase
 ✓ Compiled /not-found in 261ms (1876 modules)

 ⚠ metadata.metadataBase is not set for resolving social open graph or twitter images, using "http://localhost:3000". See https://nextjs.org/docs/app/api-reference/functions/generate-metadata#metadatabase
 ✓ Compiled in 938ms (1777 modules)

 ⚠ metadata.metadataBase is not set for resolving social open graph or twitter images, using "http://localhost:3000". See https://nextjs.org/docs/app/api-reference/functions/generate-metadata#metadatabase
 ✓ Compiled in 618ms (1750 modules)

 ⚠ metadata.metadataBase is not set for resolving social open graph or twitter images, using "http://localhost:3000". See https://nextjs.org/docs/app/api-reference/functions/generate-metadata#metadatabase
 ✓ Compiled /settings in 457ms (1773 modules)

 ⚠ metadata.metadataBase is not set for resolving social open graph or twitter images, using "http://localhost:3000". See https://nextjs.org/docs/app/api-reference/functions/generate-metadata#metadatabase
 ✓ Compiled /not-found in 217ms (1774 modules)

 ⚠ metadata.metadataBase is not set for resolving social open graph or twitter images, using "http://localhost:3000". See https://nextjs.org/docs/app/api-reference/functions/generate-metadata#metadatabase
 ✓ Compiled /earnings in 186ms (911 modules)

 ⚠ metadata.metadataBase is not set for resolving social open graph or twitter images, using "http://localhost:3000". See https://nextjs.org/docs/app/api-reference/functions/generate-metadata#metadatabase
 ✓ Compiled /scroll in 123ms (943 modules)

 ⚠ metadata.metadataBase is not set for resolving social open graph or twitter images, using "http://localhost:3000". See https://nextjs.org/docs/app/api-reference/functions/generate-metadata#metadatabase
 ✓ Compiled in 231ms (926 modules)
 ✓ Compiled in 377ms (926 modules)
 ✓ Compiled in 731ms (1828 modules)

 ⚠ metadata.metadataBase is not set for resolving social open graph or twitter images, using "http://localhost:3000". See https://nextjs.org/docs/app/api-reference/functions/generate-metadata#metadatabase
 ✓ Compiled in 422ms (1828 modules)
 ✓ Compiled in 176ms (1828 modules)
 ✓ Compiled in 160ms (1828 modules)
 ✓ Compiled in 214ms (1828 modules)
 ✓ Compiled in 388ms (1828 modules)
 ○ Compiling /icon ...
 ✓ Compiled /icon in 1620ms (2020 modules)

 ⚠ metadata.metadataBase is not set for resolving social open graph or twitter images, using "http://localhost:3000". See https://nextjs.org/docs/app/api-reference/functions/generate-metadata#metadatabase
<w> [webpack.cache.PackFileCacheStrategy] Caching failed for pack: Error: ENOENT: no such file or directory, lstat '/Users/JeremyUys_1/Desktop/WAVESITE2/web/.next/server/vendor-chunks/isows.js'
<w> [webpack.cache.PackFileCacheStrategy/webpack.FileSystemInfo] Resolving './vendor-chunks/isows' in /Users/JeremyUys_1/Desktop/WAVESITE2/web/.next/server for build dependencies doesn't lead to expected result '/Users/JeremyUys_1/Desktop/WAVESITE2/web/.next/server/vendor-chunks/isows.js', but to 'Error: Can't resolve './vendor-chunks/isows' in '/Users/JeremyUys_1/Desktop/WAVESITE2/web/.next/server'' instead. Resolving dependencies are ignored for this path.
<w>  at resolve commonjs file ./vendor-chunks/isows (expected /Users/JeremyUys_1/Desktop/WAVESITE2/web/.next/server/vendor-chunks/isows.js)
<w>  at file dependencies /Users/JeremyUys_1/Desktop/WAVESITE2/web/.next/server/webpack-runtime.js
<w>  at file /Users/JeremyUys_1/Desktop/WAVESITE2/web/.next/server/webpack-runtime.js
<w>  at file dependencies /Users/JeremyUys_1/Desktop/WAVESITE2/web/.next/server/app/not-found.js
<w>  at file /Users/JeremyUys_1/Desktop/WAVESITE2/web/.next/server/app/not-found.js
<w>  at file dependencies /Users/JeremyUys_1/Desktop/WAVESITE2/web/node_modules/next/dist/server/require.js
<w>  at file /Users/JeremyUys_1/Desktop/WAVESITE2/web/node_modules/next/dist/server/require.js
<w>  at file dependencies /Users/JeremyUys_1/Desktop/WAVESITE2/web/node_modules/next/dist/server/load-components.js
<w>  at file /Users/JeremyUys_1/Desktop/WAVESITE2/web/node_modules/next/dist/server/load-components.js
<w>  at file dependencies /Users/JeremyUys_1/Desktop/WAVESITE2/web/node_modules/next/dist/build/utils.js
<w>  at file /Users/JeremyUys_1/Desktop/WAVESITE2/web/node_modules/next/dist/build/utils.js
<w>  at file dependencies /Users/JeremyUys_1/Desktop/WAVESITE2/web/node_modules/next/dist/build/webpack/loaders/next-app-loader.js
<w>  at file /Users/JeremyUys_1/Desktop/WAVESITE2/web/node_modules/next/dist/build/webpack/loaders/next-app-loader.js
<w>  at resolve commonjs /Users/JeremyUys_1/Desktop/WAVESITE2/web/node_modules/next/dist/build/webpack/loaders/next-app-loader.js
<w> [webpack.cache.PackFileCacheStrategy/webpack.FileSystemInfo] Resolving './vendor-chunks/@swc' in /Users/JeremyUys_1/Desktop/WAVESITE2/web/.next/server for build dependencies doesn't lead to expected result '/Users/JeremyUys_1/Desktop/WAVESITE2/web/.next/server/vendor-chunks/@swc.js', but to 'Error: Can't resolve './vendor-chunks/@swc' in '/Users/JeremyUys_1/Desktop/WAVESITE2/web/.next/server'' instead. Resolving dependencies are ignored for this path.
<w>  at resolve commonjs file ./vendor-chunks/@swc (expected /Users/JeremyUys_1/Desktop/WAVESITE2/web/.next/server/vendor-chunks/@swc.js)
<w>  at file dependencies /Users/JeremyUys_1/Desktop/WAVESITE2/web/.next/server/webpack-runtime.js
<w>  at file /Users/JeremyUys_1/Desktop/WAVESITE2/web/.next/server/webpack-runtime.js
<w>  at file dependencies /Users/JeremyUys_1/Desktop/WAVESITE2/web/.next/server/app/not-found.js
<w>  at file /Users/JeremyUys_1/Desktop/WAVESITE2/web/.next/server/app/not-found.js
<w>  at file dependencies /Users/JeremyUys_1/Desktop/WAVESITE2/web/node_modules/next/dist/server/require.js
<w>  at file /Users/JeremyUys_1/Desktop/WAVESITE2/web/node_modules/next/dist/server/require.js
<w>  at file dependencies /Users/JeremyUys_1/Desktop/WAVESITE2/web/node_modules/next/dist/server/load-components.js
<w>  at file /Users/JeremyUys_1/Desktop/WAVESITE2/web/node_modules/next/dist/server/load-components.js
<w>  at file dependencies /Users/JeremyUys_1/Desktop/WAVESITE2/web/node_modules/next/dist/build/utils.js
<w>  at file /Users/JeremyUys_1/Desktop/WAVESITE2/web/node_modules/next/dist/build/utils.js
<w>  at file dependencies /Users/JeremyUys_1/Desktop/WAVESITE2/web/node_modules/next/dist/build/webpack/loaders/next-app-loader.js
<w>  at file /Users/JeremyUys_1/Desktop/WAVESITE2/web/node_modules/next/dist/build/webpack/loaders/next-app-loader.js
<w>  at resolve commonjs /Users/JeremyUys_1/Desktop/WAVESITE2/web/node_modules/next/dist/build/webpack/loaders/next-app-loader.js
<w> [webpack.cache.PackFileCacheStrategy/webpack.FileSystemInfo] Resolving './vendor-chunks/webidl-conversions' in /Users/JeremyUys_1/Desktop/WAVESITE2/web/.next/server for build dependencies doesn't lead to expected result '/Users/JeremyUys_1/Desktop/WAVESITE2/web/.next/server/vendor-chunks/webidl-conversions.js', but to 'Error: Can't resolve './vendor-chunks/webidl-conversions' in '/Users/JeremyUys_1/Desktop/WAVESITE2/web/.next/server'' instead. Resolving dependencies are ignored for this path.
<w>  at resolve commonjs file ./vendor-chunks/webidl-conversions (expected /Users/JeremyUys_1/Desktop/WAVESITE2/web/.next/server/vendor-chunks/webidl-conversions.js)
<w>  at file dependencies /Users/JeremyUys_1/Desktop/WAVESITE2/web/.next/server/webpack-runtime.js
<w>  at file /Users/JeremyUys_1/Desktop/WAVESITE2/web/.next/server/webpack-runtime.js
<w>  at file dependencies /Users/JeremyUys_1/Desktop/WAVESITE2/web/.next/server/app/not-found.js
<w>  at file /Users/JeremyUys_1/Desktop/WAVESITE2/web/.next/server/app/not-found.js
<w>  at file dependencies /Users/JeremyUys_1/Desktop/WAVESITE2/web/node_modules/next/dist/server/require.js
<w>  at file /Users/JeremyUys_1/Desktop/WAVESITE2/web/node_modules/next/dist/server/require.js
<w>  at file dependencies /Users/JeremyUys_1/Desktop/WAVESITE2/web/node_modules/next/dist/server/load-components.js
<w>  at file /Users/JeremyUys_1/Desktop/WAVESITE2/web/node_modules/next/dist/server/load-components.js
<w>  at file dependencies /Users/JeremyUys_1/Desktop/WAVESITE2/web/node_modules/next/dist/build/utils.js
<w>  at file /Users/JeremyUys_1/Desktop/WAVESITE2/web/node_modules/next/dist/build/utils.js
<w>  at file dependencies /Users/JeremyUys_1/Desktop/WAVESITE2/web/node_modules/next/dist/build/webpack/loaders/next-app-loader.js
<w>  at file /Users/JeremyUys_1/Desktop/WAVESITE2/web/node_modules/next/dist/build/webpack/loaders/next-app-loader.js
<w>  at resolve commonjs /Users/JeremyUys_1/Desktop/WAVESITE2/web/node_modules/next/dist/build/webpack/loaders/next-app-loader.js
<w> [webpack.cache.PackFileCacheStrategy/webpack.FileSystemInfo] Resolving './vendor-chunks/whatwg-url' in /Users/JeremyUys_1/Desktop/WAVESITE2/web/.next/server for build dependencies doesn't lead to expected result '/Users/JeremyUys_1/Desktop/WAVESITE2/web/.next/server/vendor-chunks/whatwg-url.js', but to 'Error: Can't resolve './vendor-chunks/whatwg-url' in '/Users/JeremyUys_1/Desktop/WAVESITE2/web/.next/server'' instead. Resolving dependencies are ignored for this path.
<w>  at resolve commonjs file ./vendor-chunks/whatwg-url (expected /Users/JeremyUys_1/Desktop/WAVESITE2/web/.next/server/vendor-chunks/whatwg-url.js)
<w>  at file dependencies /Users/JeremyUys_1/Desktop/WAVESITE2/web/.next/server/webpack-runtime.js
<w>  at file /Users/JeremyUys_1/Desktop/WAVESITE2/web/.next/server/webpack-runtime.js
<w>  at file dependencies /Users/JeremyUys_1/Desktop/WAVESITE2/web/.next/server/app/not-found.js
<w>  at file /Users/JeremyUys_1/Desktop/WAVESITE2/web/.next/server/app/not-found.js
<w>  at file dependencies /Users/JeremyUys_1/Desktop/WAVESITE2/web/node_modules/next/dist/server/require.js
<w>  at file /Users/JeremyUys_1/Desktop/WAVESITE2/web/node_modules/next/dist/server/require.js
<w>  at file dependencies /Users/JeremyUys_1/Desktop/WAVESITE2/web/node_modules/next/dist/server/load-components.js
<w>  at file /Users/JeremyUys_1/Desktop/WAVESITE2/web/node_modules/next/dist/server/load-components.js
<w>  at file dependencies /Users/JeremyUys_1/Desktop/WAVESITE2/web/node_modules/next/dist/build/utils.js
<w>  at file /Users/JeremyUys_1/Desktop/WAVESITE2/web/node_modules/next/dist/build/utils.js
<w>  at file dependencies /Users/JeremyUys_1/Desktop/WAVESITE2/web/node_modules/next/dist/build/webpack/loaders/next-app-loader.js
<w>  at file /Users/JeremyUys_1/Desktop/WAVESITE2/web/node_modules/next/dist/build/webpack/loaders/next-app-loader.js
<w>  at resolve commonjs /Users/JeremyUys_1/Desktop/WAVESITE2/web/node_modules/next/dist/build/webpack/loaders/next-app-loader.js
 ⚠ Fast Refresh had to perform a full reload. Read more: https://nextjs.org/docs/messages/fast-refresh-reload
<w> [webpack.cache.PackFileCacheStrategy] Caching failed for pack: Error: ENOENT: no such file or directory, lstat '/Users/JeremyUys_1/Desktop/WAVESITE2/web/.next/server/app'
<w> [webpack.cache.PackFileCacheStrategy/webpack.FileSystemInfo] Resolving '../../../../.next/server/app/login/page_client-reference-manifest' in /Users/JeremyUys_1/Desktop/WAVESITE2/web/node_modules/next/dist/server for build dependencies doesn't lead to expected result '/Users/JeremyUys_1/Desktop/WAVESITE2/web/.next/server/app/login/page_client-reference-manifest.js', but to 'Error: Can't resolve '../../../../.next/server/app/login/page_client-reference-manifest' in '/Users/JeremyUys_1/Desktop/WAVESITE2/web/node_modules/next/dist/server'' instead. Resolving dependencies are ignored for this path.
<w>  at resolve commonjs file ../../../../.next/server/app/login/page_client-reference-manifest (expected /Users/JeremyUys_1/Desktop/WAVESITE2/web/.next/server/app/login/page_client-reference-manifest.js)
<w>  at file dependencies /Users/JeremyUys_1/Desktop/WAVESITE2/web/node_modules/next/dist/server/load-components.js
<w>  at file /Users/JeremyUys_1/Desktop/WAVESITE2/web/node_modules/next/dist/server/load-components.js
<w>  at file dependencies /Users/JeremyUys_1/Desktop/WAVESITE2/web/node_modules/next/dist/build/utils.js
<w>  at file /Users/JeremyUys_1/Desktop/WAVESITE2/web/node_modules/next/dist/build/utils.js
<w>  at file dependencies /Users/JeremyUys_1/Desktop/WAVESITE2/web/node_modules/next/dist/build/webpack/loaders/next-app-loader.js
<w>  at file /Users/JeremyUys_1/Desktop/WAVESITE2/web/node_modules/next/dist/build/webpack/loaders/next-app-loader.js
<w>  at file dependencies /Users/JeremyUys_1/Desktop/WAVESITE2/web/node_modules/next/dist/compiled/loader-runner/LoaderRunner.js
<w>  at file /Users/JeremyUys_1/Desktop/WAVESITE2/web/node_modules/next/dist/compiled/loader-runner/LoaderRunner.js
<w>  at file dependencies /Users/JeremyUys_1/Desktop/WAVESITE2/web/node_modules/next/dist/compiled/webpack/bundle5.js
<w>  at file /Users/JeremyUys_1/Desktop/WAVESITE2/web/node_modules/next/dist/compiled/webpack/bundle5.js
<w>  at file dependencies /Users/JeremyUys_1/Desktop/WAVESITE2/web/node_modules/next/dist/compiled/webpack/webpack.js
<w>  at file /Users/JeremyUys_1/Desktop/WAVESITE2/web/node_modules/next/dist/compiled/webpack/webpack.js
<w>  at file dependencies /Users/JeremyUys_1/Desktop/WAVESITE2/web/node_modules/next/dist/build/webpack/plugins/define-env-plugin.js
<w>  at file /Users/JeremyUys_1/Desktop/WAVESITE2/web/node_modules/next/dist/build/webpack/plugins/define-env-plugin.js
<w>  at file dependencies /Users/JeremyUys_1/Desktop/WAVESITE2/web/node_modules/next/dist/build/swc/index.js
<w>  at file /Users/JeremyUys_1/Desktop/WAVESITE2/web/node_modules/next/dist/build/swc/index.js
<w>  at file dependencies /Users/JeremyUys_1/Desktop/WAVESITE2/web/node_modules/next/dist/build/webpack/loaders/next-barrel-loader.js
<w>  at file /Users/JeremyUys_1/Desktop/WAVESITE2/web/node_modules/next/dist/build/webpack/loaders/next-barrel-loader.js
<w>  at resolve commonjs /Users/JeremyUys_1/Desktop/WAVESITE2/web/node_modules/next/dist/build/webpack/loaders/next-barrel-loader.js
<w> [webpack.cache.PackFileCacheStrategy/webpack.FileSystemInfo] Resolving '../../../../.next/server/app/not-found_client-reference-manifest' in /Users/JeremyUys_1/Desktop/WAVESITE2/web/node_modules/next/dist/server for build dependencies doesn't lead to expected result '/Users/JeremyUys_1/Desktop/WAVESITE2/web/.next/server/app/not-found_client-reference-manifest.js', but to 'Error: Can't resolve '../../../../.next/server/app/not-found_client-reference-manifest' in '/Users/JeremyUys_1/Desktop/WAVESITE2/web/node_modules/next/dist/server'' instead. Resolving dependencies are ignored for this path.
<w>  at resolve commonjs file ../../../../.next/server/app/not-found_client-reference-manifest (expected /Users/JeremyUys_1/Desktop/WAVESITE2/web/.next/server/app/not-found_client-reference-manifest.js)
<w>  at file dependencies /Users/JeremyUys_1/Desktop/WAVESITE2/web/node_modules/next/dist/server/load-components.js
<w>  at file /Users/JeremyUys_1/Desktop/WAVESITE2/web/node_modules/next/dist/server/load-components.js
<w>  at file dependencies /Users/JeremyUys_1/Desktop/WAVESITE2/web/node_modules/next/dist/build/utils.js
<w>  at file /Users/JeremyUys_1/Desktop/WAVESITE2/web/node_modules/next/dist/build/utils.js
<w>  at file dependencies /Users/JeremyUys_1/Desktop/WAVESITE2/web/node_modules/next/dist/build/webpack/loaders/next-app-loader.js
<w>  at file /Users/JeremyUys_1/Desktop/WAVESITE2/web/node_modules/next/dist/build/webpack/loaders/next-app-loader.js
<w>  at file dependencies /Users/JeremyUys_1/Desktop/WAVESITE2/web/node_modules/next/dist/compiled/loader-runner/LoaderRunner.js
<w>  at file /Users/JeremyUys_1/Desktop/WAVESITE2/web/node_modules/next/dist/compiled/loader-runner/LoaderRunner.js
<w>  at file dependencies /Users/JeremyUys_1/Desktop/WAVESITE2/web/node_modules/next/dist/compiled/webpack/bundle5.js
<w>  at file /Users/JeremyUys_1/Desktop/WAVESITE2/web/node_modules/next/dist/compiled/webpack/bundle5.js
<w>  at file dependencies /Users/JeremyUys_1/Desktop/WAVESITE2/web/node_modules/next/dist/compiled/webpack/webpack.js
<w>  at file /Users/JeremyUys_1/Desktop/WAVESITE2/web/node_modules/next/dist/compiled/webpack/webpack.js
<w>  at file dependencies /Users/JeremyUys_1/Desktop/WAVESITE2/web/node_modules/next/dist/build/webpack/plugins/define-env-plugin.js
<w>  at file /Users/JeremyUys_1/Desktop/WAVESITE2/web/node_modules/next/dist/build/webpack/plugins/define-env-plugin.js
<w>  at file dependencies /Users/JeremyUys_1/Desktop/WAVESITE2/web/node_modules/next/dist/build/swc/index.js
<w>  at file /Users/JeremyUys_1/Desktop/WAVESITE2/web/node_modules/next/dist/build/swc/index.js
<w>  at file dependencies /Users/JeremyUys_1/Desktop/WAVESITE2/web/node_modules/next/dist/build/webpack/loaders/next-barrel-loader.js
<w>  at file /Users/JeremyUys_1/Desktop/WAVESITE2/web/node_modules/next/dist/build/webpack/loaders/next-barrel-loader.js
<w>  at resolve commonjs /Users/JeremyUys_1/Desktop/WAVESITE2/web/node_modules/next/dist/build/webpack/loaders/next-barrel-loader.js
[?25h
